Arguments: 
  D:\nodejs\node.exe D:\nodejs\node_modules\yarn\bin\yarn.js add quill

PATH: 
  #C:\Program Files\Common Files\Oracle\Java\javapath;C:\Program Files (x86)\VMware\VMware Workstation\bin\;C:\WINDOWS\system32;C:\WINDOWS;C:\WINDOWS\System32\Wbem;C:\WINDOWS\System32\WindowsPowerShell\v1.0\;C:\WINDOWS\System32\OpenSSH\;C:\Program Files\Git\cmd;D:\TortoiseSVN\bin;D:\cmder;D:\nodejs;d:\nvm;C:\Program Files\Java\jdk1.8.0_301\bin;D:\apache-maven-3.8.3\bin;D:\python\py310;D:\python\py310\Scripts;D:\mongodb\mongodb-win32-x86_64-windows-4.4.4\bin;D:\CMake\bin;#D:\MinGW\bin;D:\mingw-w64\x86_64-8.1.0-release-posix-seh-rt_v6-rev0\mingw64\bin;C:\Program Files\dotnet\;C:\Program Files\TortoiseGit\bin;D:\Neovim\bin;D:\Go\bin;E:\gop\bin;D:\Miniconda3\condabin;D:\sqlite;D:\Ruby30-x64\bin;C:\Users\谁将会使用这台电脑？\.cargo\bin;C:\Users\谁将会使用这台电脑？\AppData\Local\Microsoft\WindowsApps;c:\program files\esafenet\cobra docguard client;D:\Fiddler;C:\Users\谁将会使用这台电脑？\.dotnet\tools;C:\Users\谁将会使用这台电脑？\.deno\bin;C:\Users\谁将会使用这台电脑？\AppData\Local\atom\bin;C:\Users\wbytts\go\bin;C:\Program Files\deno\bin;D:\phpEnv\php\php-7.4\;D:\phpEnv\server\mysql\mysql-5.7\bin\;D:\phpEnv\tools\Composer\

Yarn version: 
  1.22.17

Node version: 
  14.18.1

Platform: 
  win32 x64

Trace: 
  Error: unexpected end of file
      at Zlib.zlibOnError [as onerror] (zlib.js:187:17)

npm manifest: 
  {
    "name": "nodejs-demo-001-base",
    "version": "1.0.0",
    "description": "",
    "main": "index.js",
    "scripts": {
      "ts:build": "tsc",
      "ts:start": "tsc -w",
      "re:build": "rescript",
      "re:start": "rescript build -w"
    },
    "keywords": [],
    "author": "",
    "license": "ISC",
    "dependencies": {
      "@notionhq/client": "^0.4.9",
      "art-template": "^4.13.2",
      "axios": "^0.21.1",
      "bootstrap": "^5.1.3",
      "bootstrap-vue": "^2.21.2",
      "chalk": "^4.1.0",
      "cheerio": "^1.0.0-rc.10",
      "cookie": "^0.4.1",
      "cowsay": "^1.5.0",
      "crypto-js": "^4.1.1",
      "dayjs": "^1.10.7",
      "dotenv": "^9.0.2",
      "ejs": "^3.1.6",
      "express": "^4.17.1",
      "form-data": "^4.0.0",
      "graphql": "^15.5.3",
      "inquirer": "^7.3.3",
      "jose": "^4.4.0",
      "jquery": "^3.6.0",
      "jsonwebtoken": "^8.5.1",
      "jspdf": "^2.5.1",
      "lodash": "^4.17.21",
      "log4js": "^6.3.0",
      "lowdb": "^2.1.0",
      "md5": "^2.3.0",
      "mime": "^2.5.2",
      "minimist": "^1.2.5",
      "mkdirp": "^1.0.4",
      "moment": "^2.29.1",
      "mongodb": "^3.6.5",
      "mysql": "^2.18.1",
      "nanoid": "^3.1.25",
      "neo4j": "^2.0.0-RC2",
      "neo4j-driver": "^4.4.0",
      "node-fetch": "^2.6.1",
      "nodemon": "^2.0.6",
      "octokit": "^1.1.0",
      "prettier": "^2.2.1",
      "progress": "^2.0.3",
      "ramda": "^0.27.1",
      "redis": "^3.1.2",
      "redux": "^4.1.2",
      "request": "^2.88.2",
      "shelljs": "^0.8.4",
      "shortid": "^2.2.16",
      "silly-datetime": "^0.1.2",
      "timer.js": "^1.0.4"
    },
    "devDependencies": {
      "html-webpack-plugin": "^5.5.0",
      "rescript": "*",
      "typescript": "^4.5.4",
      "typescript-loader": "^1.1.3",
      "webpack": "^5.65.0",
      "webpack-cli": "^4.9.1"
    }
  }

yarn manifest: 
  No manifest

Lockfile: 
  No lockfile
